<html>
<body>
<pre>
<h1>µVision Build Log</h1>
<h2>Tool Versions:</h2>
IDE-Version: ¦ÌVision V5.23.0.0
Copyright (C) 2017 ARM Ltd and ARM Germany GmbH. All rights reserved.
License Information: M M, M, LIC=KRMKP-MJ1W0-NAPDU-S64RU-02QWL-7FLC6
 
Tool Versions:
Toolchain:       MDK-ARM Plus  Version: 5.23
Toolchain Path:  C:\Users\M\AppData\Local\Keil_5\ARM\ARMCC\Bin
C Compiler:      Armcc.exe V5.06 update 4 (build 422)
Assembler:       Armasm.exe V5.06 update 4 (build 422)
Linker/Locator:  ArmLink.exe V5.06 update 4 (build 422)
Library Manager: ArmAr.exe V5.06 update 4 (build 422)
Hex Converter:   FromElf.exe V5.06 update 4 (build 422)
CPU DLL:         SARMCM3.DLL V5.23
Dialog DLL:      DCM.DLL V1.15.0.0
Target DLL:      STLink\ST-LINKIII-KEIL_SWO.dll V2.0.18.0
Dialog DLL:      TCM.DLL V1.27.0.0
 
<h2>Project:</h2>
C:\Users\M\Documents\GitHub\Stm32_LJPro\LJPro\PROJECT\LJPro.uvprojx
Project File Date:  12/20/2018

<h2>Output:</h2>
*** Using Compiler 'V5.06 update 4 (build 422)', folder: 'C:\Users\M\AppData\Local\Keil_5\ARM\ARMCC\Bin'
Build target 'Target 1'
compiling function.c...
..\USERLIB\function.c(282): error:  #20: identifier "no_event" is undefined
  		return no_event;	//ä»£ç å˜æ›´ä¸”æ— å¯¹åº”äº‹ä»¶,åˆ™è®¤ä¸ºæ— äº‹ä»¶è§¦å‘
..\USERLIB\function.c(286): error:  #20: identifier "no_event" is undefined
  enum enum_event run_event = no_event;	//ç¨‹åºå½“å‰è¿è¡Œçš„äº‹ä»?,æ‰€æœ‰éƒ¨åˆ†å…±ç”¨è¯¥äº‹ä»¶å˜é‡,å¦‚æ­¤åˆ™å¯ä»¥åœ¨äº‹ä»¶é€‰æ‹©éƒ¨åˆ†åšåœ°å€æ„å¤–åˆ‡æ¢å¯¼è‡´çš„äº‹ä»¶å¼ºè¡Œå˜æ›´é—®é¢?
..\USERLIB\function.c(293): warning:  #188-D: enumerated type mixed with another type
  	run_event = event_select(c_flag,run_event);
..\USERLIB\function.c(303): warning:  #188-D: enumerated type mixed with another type
  	run_event = event_select(c_flag);
..\USERLIB\function.c(303): error:  #165: too few arguments in function call
  	run_event = event_select(c_flag);
..\USERLIB\function.c(304): error:  #165: too few arguments in function call
  	event_exe(&run_event);
..\USERLIB\function.c(313): warning:  #188-D: enumerated type mixed with another type
  	run_event = event_select(c_flag);
..\USERLIB\function.c(313): error:  #165: too few arguments in function call
  	run_event = event_select(c_flag);
..\USERLIB\function.c(314): error:  #165: too few arguments in function call
  	event_exe(&run_event);
..\USERLIB\function.c: 3 warnings, 6 errors
compiling driver.c...
..\USERLIB\driver.c(8): warning:  #231-D: declaration is not visible outside of function
  void motor_ctrl(enum motor_device device,enum motor_status mrun)
..\USERLIB\driver.c(8): warning:  #231-D: declaration is not visible outside of function
  void motor_ctrl(enum motor_device device,enum motor_status mrun)
..\USERLIB\driver.c(8): error:  #147-D: declaration is incompatible with "void motor_ctrl(enum enum_device, enum enum_status)"  (declared at line 33 of "..\USERLIB\driver.h")
  void motor_ctrl(enum motor_device device,enum motor_status mrun)
..\USERLIB\driver.c(8): error:  #70: incomplete type is not allowed
  void motor_ctrl(enum motor_device device,enum motor_status mrun)
..\USERLIB\driver.c(8): error:  #70: incomplete type is not allowed
  void motor_ctrl(enum motor_device device,enum motor_status mrun)
..\USERLIB\driver.c(43): error:  #70: incomplete type is not allowed
  enum device_power exti_line0 = off;	//é‡‘å±å…‰ç”µ
..\USERLIB\driver.c(44): error:  #70: incomplete type is not allowed
  enum device_power exti_line1 = off;	//çº¸ç±»å…‰ç”µ
..\USERLIB\driver.c(45): error:  #70: incomplete type is not allowed
  enum device_power exti_line2 = off;	//ç“¶å­å…‰ç”µ1
..\USERLIB\driver.c(46): error:  #70: incomplete type is not allowed
  enum device_power exti_line3 = off;	//ç“¶å­å…‰ç”µ2
..\USERLIB\driver.c(47): error:  #70: incomplete type is not allowed
  enum device_power exti_line4 = off;	//ç“¶å­å…‰ç”µ3
..\USERLIB\driver.c(49): error:  #70: incomplete type is not allowed
  enum device_power exti_line5 = off;	//ç“¶å­é™ä½å™?1
..\USERLIB\driver.c(50): error:  #70: incomplete type is not allowed
  enum device_power exti_line6 = off;	//ç“¶å­é™ä½å™?2
..\USERLIB\driver.c(51): error:  #70: incomplete type is not allowed
  enum device_power exti_line7 = off;	//ç“¶å­é™ä½å™?3
..\USERLIB\driver.c(53): error:  #70: incomplete type is not allowed
  enum device_power exti_line10 = off;	//ç“¶å­é™ä½å™?4
..\USERLIB\driver.c(54): error:  #70: incomplete type is not allowed
  enum device_power exti_line11 = off;	//ç“¶å­é™ä½å™?5--ç®¡ç†å‘˜é—¨
..\USERLIB\driver.c(55): error:  #70: incomplete type is not allowed
  enum device_power exti_line12 = off;	//é‡‘å±é™ä½å™?--ç®¡ç†å‘˜é—¨
..\USERLIB\driver.c(56): error:  #70: incomplete type is not allowed
  enum device_power exti_line13 = off;	//çº¸ç±»é™ä½å™?--ç®¡ç†å‘˜é—¨
..\USERLIB\driver.c(69): error:  #20: identifier "ing" is undefined
  				return ing;
..\USERLIB\driver.c(75): error:  #20: identifier "ing" is undefined
  				return ing;
..\USERLIB\driver.c(95): error:  #20: identifier "ing" is undefined
  	return ing;
..\USERLIB\driver.c: 2 warnings, 18 errors
compiling main.c...
".\LJPro.axf" - 24 Error(s), 5 Warning(s).

<h2>Collection of Component include folders:</h2>
  .\RTE\_Target_1
  C:\Users\M\AppData\Local\Keil_5\ARM\PACK\Keil\STM32F1xx_DFP\1.0.5\Device\Include

<h2>Collection of Component Files used:</h2>
Target not created.
Build Time Elapsed:  00:00:02
</pre>
</body>
</html>
